[0.192s] DEBUG:colcon:Command line arguments: ['/usr/bin/colcon', 'build']
[0.192s] DEBUG:colcon:Parsed command line arguments: Namespace(ament_cmake_args=None, base_paths=['.'], build_base='build', catkin_cmake_args=None, catkin_skip_building_tests=False, cmake_args=None, cmake_clean_cache=False, cmake_clean_first=False, cmake_force_configure=False, cmake_target=None, cmake_target_skip_unavailable=False, continue_on_error=False, event_handlers=None, executor='parallel', ignore_user_meta=False, install_base='install', log_base=None, log_level=None, main=<bound method BuildVerb.main of <colcon_core.verb.build.BuildVerb object at 0x7f00d7a95400>>, merge_install=False, metas=['./colcon.meta'], mixin=None, mixin_files=None, mixin_verb=('build',), packages_above=None, packages_above_and_dependencies=None, packages_above_depth=None, packages_end=None, packages_ignore=None, packages_ignore_regex=None, packages_select=None, packages_select_build_failed=False, packages_select_by_dep=None, packages_select_regex=None, packages_select_test_failures=False, packages_skip=None, packages_skip_build_finished=False, packages_skip_by_dep=None, packages_skip_regex=None, packages_skip_test_passed=False, packages_skip_up_to=None, packages_start=None, packages_up_to=None, packages_up_to_regex=None, parallel_workers=12, paths=None, symlink_install=False, test_result_base=None, verb_extension=<colcon_core.verb.build.BuildVerb object at 0x7f00d7a95400>, verb_name='build', verb_parser=<colcon_mixin.mixin.mixin_argument.MixinArgumentDecorator object at 0x7f00d7a95a60>)
[0.222s] Level 1:colcon.colcon_core.package_discovery:discover_packages(colcon_meta) check parameters
[0.223s] INFO:colcon.colcon_metadata.package_discovery.colcon_meta:Using configuration from '/root/.colcon/metadata/default/Gazebo.meta'
[0.224s] INFO:colcon.colcon_metadata.package_discovery.colcon_meta:Using configuration from '/root/.colcon/metadata/default/fastrtps.meta'
[0.224s] Level 1:colcon.colcon_core.package_discovery:discover_packages(recursive) check parameters
[0.224s] Level 1:colcon.colcon_core.package_discovery:discover_packages(ignore) check parameters
[0.224s] Level 1:colcon.colcon_core.package_discovery:discover_packages(path) check parameters
[0.224s] Level 1:colcon.colcon_core.package_discovery:discover_packages(colcon_meta) discover
[0.224s] Level 1:colcon.colcon_core.package_discovery:discover_packages(recursive) discover
[0.224s] INFO:colcon.colcon_core.package_discovery:Crawling recursively for packages in '/sim_ws/src/convoy_ros'
[0.224s] Level 1:colcon.colcon_core.package_identification:_identify(.) by extensions ['ignore', 'ignore_ament_install']
[0.224s] Level 1:colcon.colcon_core.package_identification:_identify(.) by extension 'ignore'
[0.224s] Level 1:colcon.colcon_core.package_identification:_identify(.) by extension 'ignore_ament_install'
[0.224s] Level 1:colcon.colcon_core.package_identification:_identify(.) by extensions ['colcon_pkg']
[0.224s] Level 1:colcon.colcon_core.package_identification:_identify(.) by extension 'colcon_pkg'
[0.225s] Level 1:colcon.colcon_core.package_identification:_identify(.) by extensions ['colcon_meta']
[0.225s] Level 1:colcon.colcon_core.package_identification:_identify(.) by extension 'colcon_meta'
[0.225s] Level 1:colcon.colcon_core.package_identification:_identify(.) by extensions ['ros']
[0.225s] Level 1:colcon.colcon_core.package_identification:_identify(.) by extension 'ros'
[0.238s] DEBUG:colcon.colcon_core.package_identification:Package '.' with type 'ros.ament_cmake' and name 'convoy_ros'
[0.238s] Level 1:colcon.colcon_core.package_discovery:discover_packages(recursive) using defaults
[0.238s] Level 1:colcon.colcon_core.package_discovery:discover_packages(ignore) discover
[0.238s] Level 1:colcon.colcon_core.package_discovery:discover_packages(ignore) using defaults
[0.239s] Level 1:colcon.colcon_core.package_discovery:discover_packages(path) discover
[0.239s] Level 1:colcon.colcon_core.package_discovery:discover_packages(path) using defaults
[0.259s] Level 5:colcon.colcon_core.verb:set package 'convoy_ros' build argument 'cmake_args' from command line to 'None'
[0.259s] Level 5:colcon.colcon_core.verb:set package 'convoy_ros' build argument 'cmake_target' from command line to 'None'
[0.259s] Level 5:colcon.colcon_core.verb:set package 'convoy_ros' build argument 'cmake_target_skip_unavailable' from command line to 'False'
[0.259s] Level 5:colcon.colcon_core.verb:set package 'convoy_ros' build argument 'cmake_clean_cache' from command line to 'False'
[0.259s] Level 5:colcon.colcon_core.verb:set package 'convoy_ros' build argument 'cmake_clean_first' from command line to 'False'
[0.259s] Level 5:colcon.colcon_core.verb:set package 'convoy_ros' build argument 'cmake_force_configure' from command line to 'False'
[0.259s] Level 5:colcon.colcon_core.verb:set package 'convoy_ros' build argument 'ament_cmake_args' from command line to 'None'
[0.259s] Level 5:colcon.colcon_core.verb:set package 'convoy_ros' build argument 'catkin_cmake_args' from command line to 'None'
[0.259s] Level 5:colcon.colcon_core.verb:set package 'convoy_ros' build argument 'catkin_skip_building_tests' from command line to 'False'
[0.259s] DEBUG:colcon.colcon_core.verb:Building package 'convoy_ros' with the following arguments: {'ament_cmake_args': None, 'build_base': '/sim_ws/src/convoy_ros/build/convoy_ros', 'catkin_cmake_args': None, 'catkin_skip_building_tests': False, 'cmake_args': None, 'cmake_clean_cache': False, 'cmake_clean_first': False, 'cmake_force_configure': False, 'cmake_target': None, 'cmake_target_skip_unavailable': False, 'install_base': '/sim_ws/src/convoy_ros/install/convoy_ros', 'merge_install': False, 'path': '/sim_ws/src/convoy_ros', 'symlink_install': False, 'test_result_base': None}
[0.260s] INFO:colcon.colcon_core.executor:Executing jobs using 'parallel' executor
[0.261s] DEBUG:colcon.colcon_parallel_executor.executor.parallel:run_until_complete
[0.262s] INFO:colcon.colcon_ros.task.ament_cmake.build:Building ROS package in '/sim_ws/src/convoy_ros' with build type 'ament_cmake'
[0.262s] INFO:colcon.colcon_cmake.task.cmake.build:Building CMake package in '/sim_ws/src/convoy_ros'
[0.267s] INFO:colcon.colcon_core.plugin_system:Skipping extension 'colcon_core.shell.bat': Not used on non-Windows systems
[0.267s] INFO:colcon.colcon_core.shell:Skip shell extension 'powershell' for command environment: Not usable outside of PowerShell
[0.267s] DEBUG:colcon.colcon_core.shell:Skip shell extension 'dsv' for command environment
[0.279s] DEBUG:colcon.colcon_core.event_handler.log_command:Invoking command in '/sim_ws/src/convoy_ros/build/convoy_ros': CMAKE_PREFIX_PATH=${CMAKE_PREFIX_PATH}:/sim_ws/install/f1tenth_gym_ros:/opt/ros/foxy /usr/bin/cmake --build /sim_ws/src/convoy_ros/build/convoy_ros -- -j12 -l12
[5.436s] DEBUG:colcon.colcon_core.event_handler.log_command:Invoked command in '/sim_ws/src/convoy_ros/build/convoy_ros' returned '0': CMAKE_PREFIX_PATH=${CMAKE_PREFIX_PATH}:/sim_ws/install/f1tenth_gym_ros:/opt/ros/foxy /usr/bin/cmake --build /sim_ws/src/convoy_ros/build/convoy_ros -- -j12 -l12
[5.465s] DEBUG:colcon.colcon_core.event_handler.log_command:Invoking command in '/sim_ws/src/convoy_ros/build/convoy_ros': CMAKE_PREFIX_PATH=${CMAKE_PREFIX_PATH}:/sim_ws/install/f1tenth_gym_ros:/opt/ros/foxy /usr/bin/cmake --install /sim_ws/src/convoy_ros/build/convoy_ros
[5.505s] Level 1:colcon.colcon_core.environment:create_environment_scripts_only(convoy_ros)
[5.506s] DEBUG:colcon.colcon_core.event_handler.log_command:Invoked command in '/sim_ws/src/convoy_ros/build/convoy_ros' returned '0': CMAKE_PREFIX_PATH=${CMAKE_PREFIX_PATH}:/sim_ws/install/f1tenth_gym_ros:/opt/ros/foxy /usr/bin/cmake --install /sim_ws/src/convoy_ros/build/convoy_ros
[5.511s] Level 1:colcon.colcon_core.environment:checking '/sim_ws/src/convoy_ros/install/convoy_ros' for CMake module files
[5.512s] Level 1:colcon.colcon_core.environment:checking '/sim_ws/src/convoy_ros/install/convoy_ros' for CMake config files
[5.512s] Level 1:colcon.colcon_core.shell:create_environment_hook('convoy_ros', 'cmake_prefix_path')
[5.512s] INFO:colcon.colcon_core.shell:Creating environment hook '/sim_ws/src/convoy_ros/install/convoy_ros/share/convoy_ros/hook/cmake_prefix_path.ps1'
[5.513s] INFO:colcon.colcon_core.shell:Creating environment descriptor '/sim_ws/src/convoy_ros/install/convoy_ros/share/convoy_ros/hook/cmake_prefix_path.dsv'
[5.513s] INFO:colcon.colcon_core.shell:Creating environment hook '/sim_ws/src/convoy_ros/install/convoy_ros/share/convoy_ros/hook/cmake_prefix_path.sh'
[5.514s] Level 1:colcon.colcon_core.environment:checking '/sim_ws/src/convoy_ros/install/convoy_ros/lib'
[5.514s] Level 1:colcon.colcon_core.environment:checking '/sim_ws/src/convoy_ros/install/convoy_ros/bin'
[5.514s] Level 1:colcon.colcon_core.environment:checking '/sim_ws/src/convoy_ros/install/convoy_ros/lib/pkgconfig/convoy_ros.pc'
[5.516s] Level 1:colcon.colcon_core.environment:checking '/sim_ws/src/convoy_ros/install/convoy_ros/lib/python3.8/site-packages'
[5.516s] Level 1:colcon.colcon_core.shell:create_environment_hook('convoy_ros', 'pythonpath')
[5.517s] INFO:colcon.colcon_core.shell:Creating environment hook '/sim_ws/src/convoy_ros/install/convoy_ros/share/convoy_ros/hook/pythonpath.ps1'
[5.517s] INFO:colcon.colcon_core.shell:Creating environment descriptor '/sim_ws/src/convoy_ros/install/convoy_ros/share/convoy_ros/hook/pythonpath.dsv'
[5.517s] INFO:colcon.colcon_core.shell:Creating environment hook '/sim_ws/src/convoy_ros/install/convoy_ros/share/convoy_ros/hook/pythonpath.sh'
[5.518s] Level 1:colcon.colcon_core.environment:checking '/sim_ws/src/convoy_ros/install/convoy_ros/bin'
[5.518s] INFO:colcon.colcon_core.shell:Creating package script '/sim_ws/src/convoy_ros/install/convoy_ros/share/convoy_ros/package.ps1'
[5.519s] INFO:colcon.colcon_core.shell:Creating package descriptor '/sim_ws/src/convoy_ros/install/convoy_ros/share/convoy_ros/package.dsv'
[5.519s] INFO:colcon.colcon_core.shell:Creating package script '/sim_ws/src/convoy_ros/install/convoy_ros/share/convoy_ros/package.sh'
[5.520s] INFO:colcon.colcon_core.shell:Creating package script '/sim_ws/src/convoy_ros/install/convoy_ros/share/convoy_ros/package.bash'
[5.521s] INFO:colcon.colcon_core.shell:Creating package script '/sim_ws/src/convoy_ros/install/convoy_ros/share/convoy_ros/package.zsh'
[5.522s] Level 1:colcon.colcon_core.environment:create_file_with_runtime_dependencies(/sim_ws/src/convoy_ros/install/convoy_ros/share/colcon-core/packages/convoy_ros)
[5.543s] Level 1:colcon.colcon_core.environment:create_environment_scripts_only(convoy_ros)
[5.544s] Level 1:colcon.colcon_core.environment:checking '/sim_ws/src/convoy_ros/install/convoy_ros' for CMake module files
[5.544s] Level 1:colcon.colcon_core.environment:checking '/sim_ws/src/convoy_ros/install/convoy_ros' for CMake config files
[5.544s] Level 1:colcon.colcon_core.shell:create_environment_hook('convoy_ros', 'cmake_prefix_path')
[5.545s] INFO:colcon.colcon_core.shell:Creating environment hook '/sim_ws/src/convoy_ros/install/convoy_ros/share/convoy_ros/hook/cmake_prefix_path.ps1'
[5.545s] INFO:colcon.colcon_core.shell:Creating environment descriptor '/sim_ws/src/convoy_ros/install/convoy_ros/share/convoy_ros/hook/cmake_prefix_path.dsv'
[5.545s] INFO:colcon.colcon_core.shell:Creating environment hook '/sim_ws/src/convoy_ros/install/convoy_ros/share/convoy_ros/hook/cmake_prefix_path.sh'
[5.546s] Level 1:colcon.colcon_core.environment:checking '/sim_ws/src/convoy_ros/install/convoy_ros/lib'
[5.546s] Level 1:colcon.colcon_core.environment:checking '/sim_ws/src/convoy_ros/install/convoy_ros/bin'
[5.546s] Level 1:colcon.colcon_core.environment:checking '/sim_ws/src/convoy_ros/install/convoy_ros/lib/pkgconfig/convoy_ros.pc'
[5.546s] Level 1:colcon.colcon_core.environment:checking '/sim_ws/src/convoy_ros/install/convoy_ros/lib/python3.8/site-packages'
[5.546s] Level 1:colcon.colcon_core.shell:create_environment_hook('convoy_ros', 'pythonpath')
[5.547s] INFO:colcon.colcon_core.shell:Creating environment hook '/sim_ws/src/convoy_ros/install/convoy_ros/share/convoy_ros/hook/pythonpath.ps1'
[5.547s] INFO:colcon.colcon_core.shell:Creating environment descriptor '/sim_ws/src/convoy_ros/install/convoy_ros/share/convoy_ros/hook/pythonpath.dsv'
[5.547s] INFO:colcon.colcon_core.shell:Creating environment hook '/sim_ws/src/convoy_ros/install/convoy_ros/share/convoy_ros/hook/pythonpath.sh'
[5.547s] Level 1:colcon.colcon_core.environment:checking '/sim_ws/src/convoy_ros/install/convoy_ros/bin'
[5.548s] INFO:colcon.colcon_core.shell:Creating package script '/sim_ws/src/convoy_ros/install/convoy_ros/share/convoy_ros/package.ps1'
[5.548s] INFO:colcon.colcon_core.shell:Creating package descriptor '/sim_ws/src/convoy_ros/install/convoy_ros/share/convoy_ros/package.dsv'
[5.549s] INFO:colcon.colcon_core.shell:Creating package script '/sim_ws/src/convoy_ros/install/convoy_ros/share/convoy_ros/package.sh'
[5.549s] INFO:colcon.colcon_core.shell:Creating package script '/sim_ws/src/convoy_ros/install/convoy_ros/share/convoy_ros/package.bash'
[5.549s] INFO:colcon.colcon_core.shell:Creating package script '/sim_ws/src/convoy_ros/install/convoy_ros/share/convoy_ros/package.zsh'
[5.550s] Level 1:colcon.colcon_core.environment:create_file_with_runtime_dependencies(/sim_ws/src/convoy_ros/install/convoy_ros/share/colcon-core/packages/convoy_ros)
[5.550s] DEBUG:colcon.colcon_parallel_executor.executor.parallel:closing loop
[5.550s] DEBUG:colcon.colcon_parallel_executor.executor.parallel:loop closed
[5.551s] DEBUG:colcon.colcon_parallel_executor.executor.parallel:run_until_complete finished with '0'
[5.551s] DEBUG:colcon.colcon_core.event_reactor:joining thread
[5.558s] INFO:colcon.colcon_core.plugin_system:Skipping extension 'colcon_notification.desktop_notification.notify_send': Could not find 'notify-send'
[5.558s] INFO:colcon.colcon_core.plugin_system:Skipping extension 'colcon_notification.desktop_notification.terminal_notifier': Not used on non-Darwin systems
[5.558s] INFO:colcon.colcon_core.plugin_system:Skipping extension 'colcon_notification.desktop_notification.win32': Not used on non-Windows systems
[5.558s] INFO:colcon.colcon_notification.desktop_notification:Sending desktop notification using 'notify2'
[5.560s] DEBUG:colcon.colcon_notification.desktop_notification.notify2:Failed to initialize notify2: org.freedesktop.DBus.Error.Spawn.ExecFailed: /usr/bin/dbus-launch terminated abnormally without any error message
[5.560s] DEBUG:colcon.colcon_core.event_reactor:joined thread
[5.560s] INFO:colcon.colcon_core.shell:Creating prefix script '/sim_ws/src/convoy_ros/install/local_setup.ps1'
[5.561s] INFO:colcon.colcon_core.shell:Creating prefix util module '/sim_ws/src/convoy_ros/install/_local_setup_util_ps1.py'
[5.563s] INFO:colcon.colcon_core.shell:Creating prefix chain script '/sim_ws/src/convoy_ros/install/setup.ps1'
[5.564s] INFO:colcon.colcon_core.shell:Creating prefix script '/sim_ws/src/convoy_ros/install/local_setup.sh'
[5.564s] INFO:colcon.colcon_core.shell:Creating prefix util module '/sim_ws/src/convoy_ros/install/_local_setup_util_sh.py'
[5.565s] INFO:colcon.colcon_core.shell:Creating prefix chain script '/sim_ws/src/convoy_ros/install/setup.sh'
[5.566s] INFO:colcon.colcon_core.shell:Creating prefix script '/sim_ws/src/convoy_ros/install/local_setup.bash'
[5.566s] INFO:colcon.colcon_core.shell:Creating prefix chain script '/sim_ws/src/convoy_ros/install/setup.bash'
[5.567s] INFO:colcon.colcon_core.shell:Creating prefix script '/sim_ws/src/convoy_ros/install/local_setup.zsh'
[5.568s] INFO:colcon.colcon_core.shell:Creating prefix chain script '/sim_ws/src/convoy_ros/install/setup.zsh'
