-- The C compiler identification is GNU 9.4.0
-- The CXX compiler identification is GNU 9.4.0
-- Check for working C compiler: /usr/bin/cc
-- Check for working C compiler: /usr/bin/cc -- works
-- Detecting C compiler ABI info
-- Detecting C compiler ABI info - done
-- Detecting C compile features
-- Detecting C compile features - done
-- Check for working CXX compiler: /usr/bin/c++
-- Check for working CXX compiler: /usr/bin/c++ -- works
-- Detecting CXX compiler ABI info
-- Detecting CXX compiler ABI info - done
-- Detecting CXX compile features
-- Detecting CXX compile features - done
-- Found ament_cmake: 0.9.9 (/opt/ros/foxy/share/ament_cmake/cmake)
-- Found PythonInterp: /usr/bin/python3 (found suitable version "3.8.10", minimum required is "3") 
-- Using PYTHON_EXECUTABLE: /usr/bin/python3
-- Found rclcpp: 2.4.1 (/opt/ros/foxy/share/rclcpp/cmake)
-- Using all available rosidl_typesupport_c: rosidl_typesupport_fastrtps_c;rosidl_typesupport_introspection_c
-- Found rosidl_adapter: 1.2.1 (/opt/ros/foxy/share/rosidl_adapter/cmake)
-- Found OpenSSL: /usr/lib/x86_64-linux-gnu/libcrypto.so (found version "1.1.1f")  
-- Found FastRTPS: /opt/ros/foxy/include  
-- Using all available rosidl_typesupport_cpp: rosidl_typesupport_fastrtps_cpp;rosidl_typesupport_introspection_cpp
-- Found rmw_implementation_cmake: 1.0.3 (/opt/ros/foxy/share/rmw_implementation_cmake/cmake)
-- Using RMW implementation 'rmw_fastrtps_cpp' as default
-- Looking for pthread.h
-- Looking for pthread.h - found
-- Performing Test CMAKE_HAVE_LIBC_PTHREAD
-- Performing Test CMAKE_HAVE_LIBC_PTHREAD - Failed
-- Looking for pthread_create in pthreads
-- Looking for pthread_create in pthreads - not found
-- Looking for pthread_create in pthread
-- Looking for pthread_create in pthread - found
-- Found Threads: TRUE  
-- Found rclpy: 1.0.8 (/opt/ros/foxy/share/rclpy/cmake)
-- Found ackermann_msgs: 2.0.2 (/opt/ros/foxy/share/ackermann_msgs/cmake)
-- Found nav_msgs: 2.0.5 (/opt/ros/foxy/share/nav_msgs/cmake)
-- Found sensor_msgs: 2.0.5 (/opt/ros/foxy/share/sensor_msgs/cmake)
-- Found ament_lint_auto: 0.9.6 (/opt/ros/foxy/share/ament_lint_auto/cmake)
-- Added test 'copyright' to check source files copyright and LICENSE
-- Added test 'cppcheck' to perform static code analysis on C / C++ code
-- Configured cppcheck include dirs: /sim_ws/src/convoy_ros/include
-- Configured cppcheck exclude dirs and/or files: 
-- Added test 'cpplint' to check C / C++ code against the Google style
-- Configured cpplint exclude dirs and/or files: 
-- Added test 'flake8' to check Python code syntax and style conventions
-- Added test 'lint_cmake' to check CMake code style
-- Added test 'pep257' to check Python code against some of the style conventions in PEP 257
-- Added test 'uncrustify' to check C / C++ code style
-- Configured uncrustify additional arguments: 
-- Added test 'xmllint' to check XML markup files
-- Configuring done
-- Generating done
-- Build files have been written to: /sim_ws/src/convoy_ros/build/convoy_ros
[35m[1mScanning dependencies of target gap_follow_node[0m
[35m[1mScanning dependencies of target safety_node[0m
[35m[1mScanning dependencies of target wall_follow_node[0m
[ 22%] [32mBuilding CXX object CMakeFiles/gap_follow_node.dir/src/gap_follow_node.cpp.o[0m
[ 22%] [32mBuilding CXX object CMakeFiles/gap_follow_node.dir/src/gap_follow.cpp.o[0m
[ 33%] [32mBuilding CXX object CMakeFiles/wall_follow_node.dir/src/wall_follow.cpp.o[0m
[ 44%] [32mBuilding CXX object CMakeFiles/safety_node.dir/src/safety_node.cpp.o[0m
[ 55%] [32mBuilding CXX object CMakeFiles/safety_node.dir/src/safety.cpp.o[0m
[ 66%] [32mBuilding CXX object CMakeFiles/wall_follow_node.dir/src/wall_follow_node.cpp.o[0m
[ 77%] [32m[1mLinking CXX executable wall_follow_node[0m
[ 77%] Built target wall_follow_node
[ 88%] [32m[1mLinking CXX executable gap_follow_node[0m
[ 88%] Built target gap_follow_node
[100%] [32m[1mLinking CXX executable safety_node[0m
[100%] Built target safety_node
-- Install configuration: ""
-- Installing: /sim_ws/src/convoy_ros/install/convoy_ros/share/convoy_ros//config
-- Installing: /sim_ws/src/convoy_ros/install/convoy_ros/share/convoy_ros//config/vesc
-- Installing: /sim_ws/src/convoy_ros/install/convoy_ros/share/convoy_ros//config/vesc/vesc_tool_files
-- Installing: /sim_ws/src/convoy_ros/install/convoy_ros/share/convoy_ros//config/vesc/vesc_tool_files/vesc6_motor_0.xml
-- Installing: /sim_ws/src/convoy_ros/install/convoy_ros/share/convoy_ros//config/vesc/params
-- Installing: /sim_ws/src/convoy_ros/install/convoy_ros/share/convoy_ros//config/vesc/params/vesc_0.yaml
-- Installing: /sim_ws/src/convoy_ros/install/convoy_ros/share/convoy_ros//config/real.yaml
-- Installing: /sim_ws/src/convoy_ros/install/convoy_ros/share/convoy_ros//config/sim.yaml
-- Installing: /sim_ws/src/convoy_ros/install/convoy_ros/share/convoy_ros//config/teleop
-- Installing: /sim_ws/src/convoy_ros/install/convoy_ros/share/convoy_ros//config/teleop/ps4_ds4_teleop.yaml
-- Installing: /sim_ws/src/convoy_ros/install/convoy_ros/share/convoy_ros//launch
-- Installing: /sim_ws/src/convoy_ros/install/convoy_ros/share/convoy_ros//launch/veh_bringup.launch.py
-- Installing: /sim_ws/src/convoy_ros/install/convoy_ros/share/convoy_ros//launch/sim_veh_bringup.launch.py
-- Installing: /sim_ws/src/convoy_ros/install/convoy_ros/share/convoy_ros//rviz
-- Installing: /sim_ws/src/convoy_ros/install/convoy_ros/share/convoy_ros//rviz/convoy_rplidar.rviz
-- Installing: /sim_ws/src/convoy_ros/install/convoy_ros/lib/convoy_ros/safety_node
-- Set runtime path of "/sim_ws/src/convoy_ros/install/convoy_ros/lib/convoy_ros/safety_node" to ""
-- Installing: /sim_ws/src/convoy_ros/install/convoy_ros/lib/convoy_ros/wall_follow_node
-- Set runtime path of "/sim_ws/src/convoy_ros/install/convoy_ros/lib/convoy_ros/wall_follow_node" to ""
-- Installing: /sim_ws/src/convoy_ros/install/convoy_ros/lib/convoy_ros/gap_follow_node
-- Set runtime path of "/sim_ws/src/convoy_ros/install/convoy_ros/lib/convoy_ros/gap_follow_node" to ""
-- Installing: /sim_ws/src/convoy_ros/install/convoy_ros/include
-- Installing: /sim_ws/src/convoy_ros/install/convoy_ros/include/convoy_ros
-- Installing: /sim_ws/src/convoy_ros/install/convoy_ros/include/convoy_ros/gap_follow.hpp
-- Installing: /sim_ws/src/convoy_ros/install/convoy_ros/include/convoy_ros/wall_follow.hpp
-- Installing: /sim_ws/src/convoy_ros/install/convoy_ros/include/convoy_ros/safety.hpp
-- Installing: /sim_ws/src/convoy_ros/install/convoy_ros/share/convoy_ros/environment/pythonpath.sh
-- Installing: /sim_ws/src/convoy_ros/install/convoy_ros/share/convoy_ros/environment/pythonpath.dsv
-- Installing: /sim_ws/src/convoy_ros/install/convoy_ros/lib/python3.8/site-packages/convoy_ros
-- Installing: /sim_ws/src/convoy_ros/install/convoy_ros/lib/python3.8/site-packages/convoy_ros/__init__.py
-- Installing: /sim_ws/src/convoy_ros/install/convoy_ros/lib/python3.8/site-packages/convoy_ros/safety.py
Listing '/sim_ws/src/convoy_ros/install/convoy_ros/lib/python3.8/site-packages/convoy_ros'...
Compiling '/sim_ws/src/convoy_ros/install/convoy_ros/lib/python3.8/site-packages/convoy_ros/__init__.py'...
Compiling '/sim_ws/src/convoy_ros/install/convoy_ros/lib/python3.8/site-packages/convoy_ros/safety.py'...
-- Installing: /sim_ws/src/convoy_ros/install/convoy_ros/lib/convoy_ros/safety_node.py
-- Installing: /sim_ws/src/convoy_ros/install/convoy_ros/share/ament_index/resource_index/package_run_dependencies/convoy_ros
-- Installing: /sim_ws/src/convoy_ros/install/convoy_ros/share/ament_index/resource_index/parent_prefix_path/convoy_ros
-- Installing: /sim_ws/src/convoy_ros/install/convoy_ros/share/convoy_ros/environment/ament_prefix_path.sh
-- Installing: /sim_ws/src/convoy_ros/install/convoy_ros/share/convoy_ros/environment/ament_prefix_path.dsv
-- Installing: /sim_ws/src/convoy_ros/install/convoy_ros/share/convoy_ros/environment/path.sh
-- Installing: /sim_ws/src/convoy_ros/install/convoy_ros/share/convoy_ros/environment/path.dsv
-- Installing: /sim_ws/src/convoy_ros/install/convoy_ros/share/convoy_ros/local_setup.bash
-- Installing: /sim_ws/src/convoy_ros/install/convoy_ros/share/convoy_ros/local_setup.sh
-- Installing: /sim_ws/src/convoy_ros/install/convoy_ros/share/convoy_ros/local_setup.zsh
-- Installing: /sim_ws/src/convoy_ros/install/convoy_ros/share/convoy_ros/local_setup.dsv
-- Installing: /sim_ws/src/convoy_ros/install/convoy_ros/share/convoy_ros/package.dsv
-- Installing: /sim_ws/src/convoy_ros/install/convoy_ros/share/ament_index/resource_index/packages/convoy_ros
-- Installing: /sim_ws/src/convoy_ros/install/convoy_ros/share/convoy_ros/cmake/ament_cmake_export_include_directories-extras.cmake
-- Installing: /sim_ws/src/convoy_ros/install/convoy_ros/share/convoy_ros/cmake/ament_cmake_export_dependencies-extras.cmake
-- Installing: /sim_ws/src/convoy_ros/install/convoy_ros/share/convoy_ros/cmake/convoy_rosConfig.cmake
-- Installing: /sim_ws/src/convoy_ros/install/convoy_ros/share/convoy_ros/cmake/convoy_rosConfig-version.cmake
-- Installing: /sim_ws/src/convoy_ros/install/convoy_ros/share/convoy_ros/package.xml
