[01m[K/sim_ws/src/convoy_ros/src/pure_pursuit.cpp:[m[K In member function ‘[01m[Kvoid PurePursuit::odom_sub_callback(nav_msgs::msg::Odometry_<std::allocator<void> >::SharedPtr)[m[K’:
[01m[K/sim_ws/src/convoy_ros/src/pure_pursuit.cpp:102:24:[m[K [01;35m[Kwarning: [m[Kcomparison of integer expressions of different signedness: ‘[01m[Kint[m[K’ and ‘[01m[Kstd::vector<double, std::allocator<double> >::size_type[m[K’ {aka ‘[01m[Klong unsigned int[m[K’} [[01;35m[K-Wsign-compare[m[K]
  102 |         for(int i=0; [01;35m[Ki < waypoint_x.size()[m[K; i++){
      |                      [01;35m[K~~^~~~~~~~~~~~~~~~~~~[m[K
[01m[K/sim_ws/src/convoy_ros/src/pure_pursuit.cpp:103:49:[m[K [01;31m[Kerror: [m[Kbase operand of ‘[01m[K->[m[K’ has non-pointer type ‘[01m[Knav_msgs::msg::Odometry_<std::allocator<void> >::_pose_type[m[K’ {aka ‘[01m[Kgeometry_msgs::msg::PoseWithCovariance_<std::allocator<void> >[m[K’}
  103 |           if(dist(waypoint_x[i] - odom_msg->pose[01;31m[K->[m[Kpose->position->x), (waypoint_y[i] - odom_msg->pose->pose->position->y) < closest_dist ){
      |                                                 [01;31m[K^~[m[K
[01m[K/sim_ws/src/convoy_ros/src/pure_pursuit.cpp:103:102:[m[K [01;31m[Kerror: [m[Kbase operand of ‘[01m[K->[m[K’ has non-pointer type ‘[01m[Knav_msgs::msg::Odometry_<std::allocator<void> >::_pose_type[m[K’ {aka ‘[01m[Kgeometry_msgs::msg::PoseWithCovariance_<std::allocator<void> >[m[K’}
  103 |         if(dist(waypoint_x[i] - odom_msg->pose->pose->position->x), (waypoint_y[i] - odom_msg->pose[01;31m[K->[m[Kpose->position->y) < closest_dist ){
      |                                                                                                    [01;31m[K^~[m[K

[01m[K/sim_ws/src/convoy_ros/src/pure_pursuit.cpp:125:50:[m[K [01;31m[Kerror: [m[Kbase operand of ‘[01m[K->[m[K’ has non-pointer type ‘[01m[Knav_msgs::msg::Odometry_<std::allocator<void> >::_pose_type[m[K’ {aka ‘[01m[Kgeometry_msgs::msg::PoseWithCovariance_<std::allocator<void> >[m[K’}
  125 |         double yaw =  atan2(2.0 * (odom_msg->pose[01;31m[K->[m[Kpose->orientation->w * odom_msg->pose->pose->orientation->z + odom_msg->pose->pose->orientation->x * odom_msg->pose->pose->orientation->y) ,
      |                                                  [01;31m[K^~[m[K
[01m[K/sim_ws/src/convoy_ros/src/pure_pursuit.cpp:125:89:[m[K [01;31m[Kerror: [m[Kbase operand of ‘[01m[K->[m[K’ has non-pointer type ‘[01m[Knav_msgs::msg::Odometry_<std::allocator<void> >::_pose_type[m[K’ {aka ‘[01m[Kgeometry_msgs::msg::PoseWithCovariance_<std::allocator<void> >[m[K’}
  125 |         double yaw =  atan2(2.0 * (odom_msg->pose->pose->orientation->w * odom_msg->pose[01;31m[K->[m[Kpose->orientation->z + odom_msg->pose->pose->orientation->x * odom_msg->pose->pose->orientation->y) ,
      |                                                                                         [01;31m[K^~[m[K
[01m[K/sim_ws/src/convoy_ros/src/pure_pursuit.cpp:125:128:[m[K [01;31m[Kerror: [m[Kbase operand of ‘[01m[K->[m[K’ has non-pointer type ‘[01m[Knav_msgs::msg::Odometry_<std::allocator<void> >::_pose_type[m[K’ {aka ‘[01m[Kgeometry_msgs::msg::PoseWithCovariance_<std::allocator<void> >[m[K’}
  125 | 2.0 * (odom_msg->pose->pose->orientation->w * odom_msg->pose->pose->orientation->z + odom_msg->pose[01;31m[K->[m[Kpose->orientation->x * odom_msg->pose->pose->orientation->y) ,
      |                                                                                                    [01;31m[K^~[m[K

[01m[K/sim_ws/src/convoy_ros/src/pure_pursuit.cpp:125:167:[m[K [01;31m[Kerror: [m[Kbase operand of ‘[01m[K->[m[K’ has non-pointer type ‘[01m[Knav_msgs::msg::Odometry_<std::allocator<void> >::_pose_type[m[K’ {aka ‘[01m[Kgeometry_msgs::msg::PoseWithCovariance_<std::allocator<void> >[m[K’}
  125 | n->w * odom_msg->pose->pose->orientation->z + odom_msg->pose->pose->orientation->x * odom_msg->pose[01;31m[K->[m[Kpose->orientation->y) ,
      |                                                                                                    [01;31m[K^~[m[K

[01m[K/sim_ws/src/convoy_ros/src/pure_pursuit.cpp:126:58:[m[K [01;31m[Kerror: [m[Kbase operand of ‘[01m[K->[m[K’ has non-pointer type ‘[01m[Knav_msgs::msg::Odometry_<std::allocator<void> >::_pose_type[m[K’ {aka ‘[01m[Kgeometry_msgs::msg::PoseWithCovariance_<std::allocator<void> >[m[K’}
  126 |                             - 1.0 + 2.0 * (odom_msg->pose[01;31m[K->[m[Kpose->orientation->w * odom_msg->pose->pose->orientation->w + odom_msg->pose->pose->orientation->x * odom_msg->pose->pose->orientation->x));
      |                                                          [01;31m[K^~[m[K
[01m[K/sim_ws/src/convoy_ros/src/pure_pursuit.cpp:126:97:[m[K [01;31m[Kerror: [m[Kbase operand of ‘[01m[K->[m[K’ has non-pointer type ‘[01m[Knav_msgs::msg::Odometry_<std::allocator<void> >::_pose_type[m[K’ {aka ‘[01m[Kgeometry_msgs::msg::PoseWithCovariance_<std::allocator<void> >[m[K’}
  126 |                             - 1.0 + 2.0 * (odom_msg->pose->pose->orientation->w * odom_msg->pose[01;31m[K->[m[Kpose->orientation->w + odom_msg->pose->pose->orientation->x * odom_msg->pose->pose->orientation->x));
      |                                                                                                 [01;31m[K^~[m[K
[01m[K/sim_ws/src/convoy_ros/src/pure_pursuit.cpp:126:136:[m[K [01;31m[Kerror: [m[Kbase operand of ‘[01m[K->[m[K’ has non-pointer type ‘[01m[Knav_msgs::msg::Odometry_<std::allocator<void> >::_pose_type[m[K’ {aka ‘[01m[Kgeometry_msgs::msg::PoseWithCovariance_<std::allocator<void> >[m[K’}
  126 | 2.0 * (odom_msg->pose->pose->orientation->w * odom_msg->pose->pose->orientation->w + odom_msg->pose[01;31m[K->[m[Kpose->orientation->x * odom_msg->pose->pose->orientation->x));
      |                                                                                                    [01;31m[K^~[m[K

[01m[K/sim_ws/src/convoy_ros/src/pure_pursuit.cpp:126:175:[m[K [01;31m[Kerror: [m[Kbase operand of ‘[01m[K->[m[K’ has non-pointer type ‘[01m[Knav_msgs::msg::Odometry_<std::allocator<void> >::_pose_type[m[K’ {aka ‘[01m[Kgeometry_msgs::msg::PoseWithCovariance_<std::allocator<void> >[m[K’}
  126 | n->w * odom_msg->pose->pose->orientation->w + odom_msg->pose->pose->orientation->x * odom_msg->pose[01;31m[K->[m[Kpose->orientation->x));
      |                                                                                                    [01;31m[K^~[m[K

make[2]: *** [CMakeFiles/pure_pursuit.dir/build.make:63: CMakeFiles/pure_pursuit.dir/src/pure_pursuit.cpp.o] Error 1
make[1]: *** [CMakeFiles/Makefile2:84: CMakeFiles/pure_pursuit.dir/all] Error 2
make: *** [Makefile:141: all] Error 2
