[0.011s] Invoking command in '/sim_ws/src/convoy_ros/build/convoy_ros': CMAKE_PREFIX_PATH=${CMAKE_PREFIX_PATH}:/sim_ws/install/f1tenth_gym_ros:/opt/ros/foxy /usr/bin/cmake --build /sim_ws/src/convoy_ros/build/convoy_ros -- -j12 -l12
[0.031s] -- Found ament_cmake: 0.9.9 (/opt/ros/foxy/share/ament_cmake/cmake)
[0.048s] -- Using PYTHON_EXECUTABLE: /usr/bin/python3
[0.178s] -- Found rclcpp: 2.4.1 (/opt/ros/foxy/share/rclcpp/cmake)
[0.202s] -- Using all available rosidl_typesupport_c: rosidl_typesupport_fastrtps_c;rosidl_typesupport_introspection_c
[0.205s] -- Found rosidl_adapter: 1.2.1 (/opt/ros/foxy/share/rosidl_adapter/cmake)
[0.301s] -- Using all available rosidl_typesupport_cpp: rosidl_typesupport_fastrtps_cpp;rosidl_typesupport_introspection_cpp
[0.340s] -- Found rmw_implementation_cmake: 1.0.3 (/opt/ros/foxy/share/rmw_implementation_cmake/cmake)
[0.341s] -- Using RMW implementation 'rmw_fastrtps_cpp' as default
[0.450s] -- Found rclpy: 1.0.8 (/opt/ros/foxy/share/rclpy/cmake)
[0.451s] -- Found ackermann_msgs: 2.0.2 (/opt/ros/foxy/share/ackermann_msgs/cmake)
[0.476s] -- Found nav_msgs: 2.0.5 (/opt/ros/foxy/share/nav_msgs/cmake)
[0.564s] -- Found sensor_msgs: 2.0.5 (/opt/ros/foxy/share/sensor_msgs/cmake)
[0.620s] -- Found visualization_msgs: 2.0.5 (/opt/ros/foxy/share/visualization_msgs/cmake)
[0.676s] -- Found tf2_msgs: 0.13.13 (/opt/ros/foxy/share/tf2_msgs/cmake)
[0.824s] -- Found ament_lint_auto: 0.9.6 (/opt/ros/foxy/share/ament_lint_auto/cmake)
[0.875s] -- Added test 'copyright' to check source files copyright and LICENSE
[0.888s] -- Added test 'cppcheck' to perform static code analysis on C / C++ code
[0.888s] -- Configured cppcheck include dirs: /sim_ws/src/convoy_ros/include
[0.888s] -- Configured cppcheck exclude dirs and/or files: 
[0.901s] -- Added test 'cpplint' to check C / C++ code against the Google style
[0.901s] -- Configured cpplint exclude dirs and/or files: 
[0.903s] -- Added test 'flake8' to check Python code syntax and style conventions
[0.907s] -- Added test 'lint_cmake' to check CMake code style
[0.909s] -- Added test 'pep257' to check Python code against some of the style conventions in PEP 257
[0.921s] -- Added test 'uncrustify' to check C / C++ code style
[0.921s] -- Configured uncrustify additional arguments: 
[0.923s] -- Added test 'xmllint' to check XML markup files
[0.927s] -- Configuring done
[0.947s] -- Generating done
[0.948s] -- Build files have been written to: /sim_ws/src/convoy_ros/build/convoy_ros
[0.969s] [35m[1mScanning dependencies of target pure_pursuit[0m
[0.985s] [ 81%] Built target wall_follow_node
[0.985s] [ 81%] Built target safety_node
[0.985s] [ 81%] Built target gap_follow_node
[0.991s] [ 90%] [32mBuilding CXX object CMakeFiles/pure_pursuit.dir/src/pure_pursuit.cpp.o[0m
[2.058s] [01m[K/sim_ws/src/convoy_ros/src/pure_pursuit.cpp:[m[K In member function ‘[01m[Kvoid PurePursuit::odom_sub_callback(nav_msgs::msg::Odometry_<std::allocator<void> >::SharedPtr)[m[K’:
[2.058s] [01m[K/sim_ws/src/convoy_ros/src/pure_pursuit.cpp:101:24:[m[K [01;35m[Kwarning: [m[Kcomparison of integer expressions of different signedness: ‘[01m[Kint[m[K’ and ‘[01m[Kstd::vector<double, std::allocator<double> >::size_type[m[K’ {aka ‘[01m[Klong unsigned int[m[K’} [[01;35m[K-Wsign-compare[m[K]
[2.058s]   101 |         for(int i=0; [01;35m[Ki < waypoint_x.size()[m[K; i++){
[2.058s]       |                      [01;35m[K~~^~~~~~~~~~~~~~~~~~~[m[K
[5.529s] [100%] [32m[1mLinking CXX executable pure_pursuit[0m
[5.736s] [100%] Built target pure_pursuit
[5.743s] Invoked command in '/sim_ws/src/convoy_ros/build/convoy_ros' returned '0': CMAKE_PREFIX_PATH=${CMAKE_PREFIX_PATH}:/sim_ws/install/f1tenth_gym_ros:/opt/ros/foxy /usr/bin/cmake --build /sim_ws/src/convoy_ros/build/convoy_ros -- -j12 -l12
[5.773s] Invoking command in '/sim_ws/src/convoy_ros/build/convoy_ros': CMAKE_PREFIX_PATH=${CMAKE_PREFIX_PATH}:/sim_ws/install/f1tenth_gym_ros:/opt/ros/foxy /usr/bin/cmake --install /sim_ws/src/convoy_ros/build/convoy_ros
[5.780s] -- Install configuration: ""
[5.781s] -- Up-to-date: /sim_ws/src/convoy_ros/install/convoy_ros/share/convoy_ros//config
[5.781s] -- Up-to-date: /sim_ws/src/convoy_ros/install/convoy_ros/share/convoy_ros//config/vesc
[5.781s] -- Up-to-date: /sim_ws/src/convoy_ros/install/convoy_ros/share/convoy_ros//config/vesc/vesc_tool_files
[5.781s] -- Up-to-date: /sim_ws/src/convoy_ros/install/convoy_ros/share/convoy_ros//config/vesc/vesc_tool_files/vesc6_motor_0.xml
[5.781s] -- Up-to-date: /sim_ws/src/convoy_ros/install/convoy_ros/share/convoy_ros//config/vesc/params
[5.781s] -- Up-to-date: /sim_ws/src/convoy_ros/install/convoy_ros/share/convoy_ros//config/vesc/params/vesc_0.yaml
[5.781s] -- Up-to-date: /sim_ws/src/convoy_ros/install/convoy_ros/share/convoy_ros//config/real.yaml
[5.781s] -- Up-to-date: /sim_ws/src/convoy_ros/install/convoy_ros/share/convoy_ros//config/sim.yaml
[5.781s] -- Up-to-date: /sim_ws/src/convoy_ros/install/convoy_ros/share/convoy_ros//config/teleop
[5.781s] -- Up-to-date: /sim_ws/src/convoy_ros/install/convoy_ros/share/convoy_ros//config/teleop/ps4_ds4_teleop.yaml
[5.781s] -- Up-to-date: /sim_ws/src/convoy_ros/install/convoy_ros/share/convoy_ros//launch
[5.781s] -- Up-to-date: /sim_ws/src/convoy_ros/install/convoy_ros/share/convoy_ros//launch/veh_bringup.launch.py
[5.782s] -- Up-to-date: /sim_ws/src/convoy_ros/install/convoy_ros/share/convoy_ros//launch/sim_veh_bringup.launch.py
[5.782s] -- Up-to-date: /sim_ws/src/convoy_ros/install/convoy_ros/share/convoy_ros//rviz
[5.782s] -- Up-to-date: /sim_ws/src/convoy_ros/install/convoy_ros/share/convoy_ros//rviz/convoy_rplidar.rviz
[5.782s] -- Up-to-date: /sim_ws/src/convoy_ros/install/convoy_ros/lib/convoy_ros/safety_node
[5.782s] -- Up-to-date: /sim_ws/src/convoy_ros/install/convoy_ros/lib/convoy_ros/wall_follow_node
[5.782s] -- Up-to-date: /sim_ws/src/convoy_ros/install/convoy_ros/lib/convoy_ros/gap_follow_node
[5.782s] -- Installing: /sim_ws/src/convoy_ros/install/convoy_ros/lib/convoy_ros/pure_pursuit
[5.784s] -- Set runtime path of "/sim_ws/src/convoy_ros/install/convoy_ros/lib/convoy_ros/pure_pursuit" to ""
[5.784s] -- Up-to-date: /sim_ws/src/convoy_ros/install/convoy_ros/include
[5.784s] -- Up-to-date: /sim_ws/src/convoy_ros/install/convoy_ros/include/convoy_ros
[5.784s] -- Up-to-date: /sim_ws/src/convoy_ros/install/convoy_ros/include/convoy_ros/gap_follow.hpp
[5.784s] -- Up-to-date: /sim_ws/src/convoy_ros/install/convoy_ros/include/convoy_ros/wall_follow.hpp
[5.784s] -- Up-to-date: /sim_ws/src/convoy_ros/install/convoy_ros/include/convoy_ros/safety.hpp
[5.784s] -- Up-to-date: /sim_ws/src/convoy_ros/install/convoy_ros/share/convoy_ros/environment/pythonpath.sh
[5.784s] -- Installing: /sim_ws/src/convoy_ros/install/convoy_ros/share/convoy_ros/environment/pythonpath.dsv
[5.784s] -- Up-to-date: /sim_ws/src/convoy_ros/install/convoy_ros/lib/python3.8/site-packages/convoy_ros
[5.784s] -- Up-to-date: /sim_ws/src/convoy_ros/install/convoy_ros/lib/python3.8/site-packages/convoy_ros/__init__.py
[5.785s] -- Up-to-date: /sim_ws/src/convoy_ros/install/convoy_ros/lib/python3.8/site-packages/convoy_ros/safety.py
[5.807s] Listing '/sim_ws/src/convoy_ros/install/convoy_ros/lib/python3.8/site-packages/convoy_ros'...
[5.809s] -- Up-to-date: /sim_ws/src/convoy_ros/install/convoy_ros/lib/convoy_ros/safety_node.py
[5.809s] -- Up-to-date: /sim_ws/src/convoy_ros/install/convoy_ros/share/ament_index/resource_index/package_run_dependencies/convoy_ros
[5.810s] -- Up-to-date: /sim_ws/src/convoy_ros/install/convoy_ros/share/ament_index/resource_index/parent_prefix_path/convoy_ros
[5.810s] -- Up-to-date: /sim_ws/src/convoy_ros/install/convoy_ros/share/convoy_ros/environment/ament_prefix_path.sh
[5.810s] -- Installing: /sim_ws/src/convoy_ros/install/convoy_ros/share/convoy_ros/environment/ament_prefix_path.dsv
[5.810s] -- Up-to-date: /sim_ws/src/convoy_ros/install/convoy_ros/share/convoy_ros/environment/path.sh
[5.810s] -- Installing: /sim_ws/src/convoy_ros/install/convoy_ros/share/convoy_ros/environment/path.dsv
[5.810s] -- Up-to-date: /sim_ws/src/convoy_ros/install/convoy_ros/share/convoy_ros/local_setup.bash
[5.810s] -- Up-to-date: /sim_ws/src/convoy_ros/install/convoy_ros/share/convoy_ros/local_setup.sh
[5.810s] -- Up-to-date: /sim_ws/src/convoy_ros/install/convoy_ros/share/convoy_ros/local_setup.zsh
[5.810s] -- Installing: /sim_ws/src/convoy_ros/install/convoy_ros/share/convoy_ros/local_setup.dsv
[5.810s] -- Installing: /sim_ws/src/convoy_ros/install/convoy_ros/share/convoy_ros/package.dsv
[5.810s] -- Up-to-date: /sim_ws/src/convoy_ros/install/convoy_ros/share/ament_index/resource_index/packages/convoy_ros
[5.810s] -- Up-to-date: /sim_ws/src/convoy_ros/install/convoy_ros/share/convoy_ros/cmake/ament_cmake_export_include_directories-extras.cmake
[5.810s] -- Up-to-date: /sim_ws/src/convoy_ros/install/convoy_ros/share/convoy_ros/cmake/ament_cmake_export_dependencies-extras.cmake
[5.811s] -- Up-to-date: /sim_ws/src/convoy_ros/install/convoy_ros/share/convoy_ros/cmake/convoy_rosConfig.cmake
[5.811s] -- Up-to-date: /sim_ws/src/convoy_ros/install/convoy_ros/share/convoy_ros/cmake/convoy_rosConfig-version.cmake
[5.811s] -- Up-to-date: /sim_ws/src/convoy_ros/install/convoy_ros/share/convoy_ros/package.xml
[5.812s] Invoked command in '/sim_ws/src/convoy_ros/build/convoy_ros' returned '0': CMAKE_PREFIX_PATH=${CMAKE_PREFIX_PATH}:/sim_ws/install/f1tenth_gym_ros:/opt/ros/foxy /usr/bin/cmake --install /sim_ws/src/convoy_ros/build/convoy_ros
