[0.151s] DEBUG:colcon:Command line arguments: ['/usr/bin/colcon', 'build']
[0.151s] DEBUG:colcon:Parsed command line arguments: Namespace(ament_cmake_args=None, base_paths=['.'], build_base='build', catkin_cmake_args=None, catkin_skip_building_tests=False, cmake_args=None, cmake_clean_cache=False, cmake_clean_first=False, cmake_force_configure=False, cmake_target=None, cmake_target_skip_unavailable=False, continue_on_error=False, event_handlers=None, executor='parallel', ignore_user_meta=False, install_base='install', log_base=None, log_level=None, main=<bound method BuildVerb.main of <colcon_core.verb.build.BuildVerb object at 0x7f16e7b8d820>>, merge_install=False, metas=['./colcon.meta'], mixin=None, mixin_files=None, mixin_verb=('build',), packages_above=None, packages_above_and_dependencies=None, packages_above_depth=None, packages_end=None, packages_ignore=None, packages_ignore_regex=None, packages_select=None, packages_select_build_failed=False, packages_select_by_dep=None, packages_select_regex=None, packages_select_test_failures=False, packages_skip=None, packages_skip_build_finished=False, packages_skip_by_dep=None, packages_skip_regex=None, packages_skip_test_passed=False, packages_skip_up_to=None, packages_start=None, packages_up_to=None, packages_up_to_regex=None, parallel_workers=12, paths=None, symlink_install=False, test_result_base=None, verb_extension=<colcon_core.verb.build.BuildVerb object at 0x7f16e7b8d820>, verb_name='build', verb_parser=<colcon_mixin.mixin.mixin_argument.MixinArgumentDecorator object at 0x7f16e7b8ddf0>)
[0.181s] Level 1:colcon.colcon_core.package_discovery:discover_packages(colcon_meta) check parameters
[0.182s] INFO:colcon.colcon_metadata.package_discovery.colcon_meta:Using configuration from '/root/.colcon/metadata/default/Gazebo.meta'
[0.182s] INFO:colcon.colcon_metadata.package_discovery.colcon_meta:Using configuration from '/root/.colcon/metadata/default/fastrtps.meta'
[0.182s] Level 1:colcon.colcon_core.package_discovery:discover_packages(recursive) check parameters
[0.182s] Level 1:colcon.colcon_core.package_discovery:discover_packages(ignore) check parameters
[0.182s] Level 1:colcon.colcon_core.package_discovery:discover_packages(path) check parameters
[0.182s] Level 1:colcon.colcon_core.package_discovery:discover_packages(colcon_meta) discover
[0.182s] Level 1:colcon.colcon_core.package_discovery:discover_packages(recursive) discover
[0.182s] INFO:colcon.colcon_core.package_discovery:Crawling recursively for packages in '/sim_ws/src/convoy_ros'
[0.182s] Level 1:colcon.colcon_core.package_identification:_identify(.) by extensions ['ignore', 'ignore_ament_install']
[0.182s] Level 1:colcon.colcon_core.package_identification:_identify(.) by extension 'ignore'
[0.183s] Level 1:colcon.colcon_core.package_identification:_identify(.) by extension 'ignore_ament_install'
[0.183s] Level 1:colcon.colcon_core.package_identification:_identify(.) by extensions ['colcon_pkg']
[0.183s] Level 1:colcon.colcon_core.package_identification:_identify(.) by extension 'colcon_pkg'
[0.183s] Level 1:colcon.colcon_core.package_identification:_identify(.) by extensions ['colcon_meta']
[0.183s] Level 1:colcon.colcon_core.package_identification:_identify(.) by extension 'colcon_meta'
[0.183s] Level 1:colcon.colcon_core.package_identification:_identify(.) by extensions ['ros']
[0.183s] Level 1:colcon.colcon_core.package_identification:_identify(.) by extension 'ros'
[0.196s] DEBUG:colcon.colcon_core.package_identification:Package '.' with type 'ros.ament_cmake' and name 'convoy_ros'
[0.196s] Level 1:colcon.colcon_core.package_discovery:discover_packages(recursive) using defaults
[0.196s] Level 1:colcon.colcon_core.package_discovery:discover_packages(ignore) discover
[0.196s] Level 1:colcon.colcon_core.package_discovery:discover_packages(ignore) using defaults
[0.196s] Level 1:colcon.colcon_core.package_discovery:discover_packages(path) discover
[0.196s] Level 1:colcon.colcon_core.package_discovery:discover_packages(path) using defaults
[0.214s] Level 5:colcon.colcon_core.verb:set package 'convoy_ros' build argument 'cmake_args' from command line to 'None'
[0.214s] Level 5:colcon.colcon_core.verb:set package 'convoy_ros' build argument 'cmake_target' from command line to 'None'
[0.214s] Level 5:colcon.colcon_core.verb:set package 'convoy_ros' build argument 'cmake_target_skip_unavailable' from command line to 'False'
[0.214s] Level 5:colcon.colcon_core.verb:set package 'convoy_ros' build argument 'cmake_clean_cache' from command line to 'False'
[0.214s] Level 5:colcon.colcon_core.verb:set package 'convoy_ros' build argument 'cmake_clean_first' from command line to 'False'
[0.214s] Level 5:colcon.colcon_core.verb:set package 'convoy_ros' build argument 'cmake_force_configure' from command line to 'False'
[0.214s] Level 5:colcon.colcon_core.verb:set package 'convoy_ros' build argument 'ament_cmake_args' from command line to 'None'
[0.214s] Level 5:colcon.colcon_core.verb:set package 'convoy_ros' build argument 'catkin_cmake_args' from command line to 'None'
[0.214s] Level 5:colcon.colcon_core.verb:set package 'convoy_ros' build argument 'catkin_skip_building_tests' from command line to 'False'
[0.214s] DEBUG:colcon.colcon_core.verb:Building package 'convoy_ros' with the following arguments: {'ament_cmake_args': None, 'build_base': '/sim_ws/src/convoy_ros/build/convoy_ros', 'catkin_cmake_args': None, 'catkin_skip_building_tests': False, 'cmake_args': None, 'cmake_clean_cache': False, 'cmake_clean_first': False, 'cmake_force_configure': False, 'cmake_target': None, 'cmake_target_skip_unavailable': False, 'install_base': '/sim_ws/src/convoy_ros/install/convoy_ros', 'merge_install': False, 'path': '/sim_ws/src/convoy_ros', 'symlink_install': False, 'test_result_base': None}
[0.214s] INFO:colcon.colcon_core.executor:Executing jobs using 'parallel' executor
[0.216s] DEBUG:colcon.colcon_parallel_executor.executor.parallel:run_until_complete
[0.216s] INFO:colcon.colcon_ros.task.ament_cmake.build:Building ROS package in '/sim_ws/src/convoy_ros' with build type 'ament_cmake'
[0.216s] INFO:colcon.colcon_cmake.task.cmake.build:Building CMake package in '/sim_ws/src/convoy_ros'
[0.221s] INFO:colcon.colcon_core.plugin_system:Skipping extension 'colcon_core.shell.bat': Not used on non-Windows systems
[0.222s] INFO:colcon.colcon_core.shell:Skip shell extension 'powershell' for command environment: Not usable outside of PowerShell
[0.222s] DEBUG:colcon.colcon_core.shell:Skip shell extension 'dsv' for command environment
[0.231s] DEBUG:colcon.colcon_core.event_handler.log_command:Invoking command in '/sim_ws/src/convoy_ros/build/convoy_ros': CMAKE_PREFIX_PATH=${CMAKE_PREFIX_PATH}:/sim_ws/install/f1tenth_gym_ros:/opt/ros/foxy /usr/bin/cmake /sim_ws/src/convoy_ros -DCMAKE_INSTALL_PREFIX=/sim_ws/src/convoy_ros/install/convoy_ros
[2.178s] DEBUG:colcon.colcon_core.event_handler.log_command:Invoked command in '/sim_ws/src/convoy_ros/build/convoy_ros' returned '0': CMAKE_PREFIX_PATH=${CMAKE_PREFIX_PATH}:/sim_ws/install/f1tenth_gym_ros:/opt/ros/foxy /usr/bin/cmake /sim_ws/src/convoy_ros -DCMAKE_INSTALL_PREFIX=/sim_ws/src/convoy_ros/install/convoy_ros
[2.180s] DEBUG:colcon.colcon_core.event_handler.log_command:Invoking command in '/sim_ws/src/convoy_ros/build/convoy_ros': CMAKE_PREFIX_PATH=${CMAKE_PREFIX_PATH}:/sim_ws/install/f1tenth_gym_ros:/opt/ros/foxy /usr/bin/cmake --build /sim_ws/src/convoy_ros/build/convoy_ros -- -j12 -l12
[9.307s] DEBUG:colcon.colcon_core.event_handler.log_command:Invoked command in '/sim_ws/src/convoy_ros/build/convoy_ros' returned '0': CMAKE_PREFIX_PATH=${CMAKE_PREFIX_PATH}:/sim_ws/install/f1tenth_gym_ros:/opt/ros/foxy /usr/bin/cmake --build /sim_ws/src/convoy_ros/build/convoy_ros -- -j12 -l12
[9.336s] DEBUG:colcon.colcon_core.event_handler.log_command:Invoking command in '/sim_ws/src/convoy_ros/build/convoy_ros': CMAKE_PREFIX_PATH=${CMAKE_PREFIX_PATH}:/sim_ws/install/f1tenth_gym_ros:/opt/ros/foxy /usr/bin/cmake --install /sim_ws/src/convoy_ros/build/convoy_ros
[9.381s] Level 1:colcon.colcon_core.environment:create_environment_scripts_only(convoy_ros)
[9.382s] DEBUG:colcon.colcon_core.event_handler.log_command:Invoked command in '/sim_ws/src/convoy_ros/build/convoy_ros' returned '0': CMAKE_PREFIX_PATH=${CMAKE_PREFIX_PATH}:/sim_ws/install/f1tenth_gym_ros:/opt/ros/foxy /usr/bin/cmake --install /sim_ws/src/convoy_ros/build/convoy_ros
[9.387s] Level 1:colcon.colcon_core.environment:checking '/sim_ws/src/convoy_ros/install/convoy_ros' for CMake module files
[9.387s] Level 1:colcon.colcon_core.environment:checking '/sim_ws/src/convoy_ros/install/convoy_ros' for CMake config files
[9.388s] Level 1:colcon.colcon_core.shell:create_environment_hook('convoy_ros', 'cmake_prefix_path')
[9.388s] INFO:colcon.colcon_core.shell:Creating environment hook '/sim_ws/src/convoy_ros/install/convoy_ros/share/convoy_ros/hook/cmake_prefix_path.ps1'
[9.389s] INFO:colcon.colcon_core.shell:Creating environment descriptor '/sim_ws/src/convoy_ros/install/convoy_ros/share/convoy_ros/hook/cmake_prefix_path.dsv'
[9.389s] INFO:colcon.colcon_core.shell:Creating environment hook '/sim_ws/src/convoy_ros/install/convoy_ros/share/convoy_ros/hook/cmake_prefix_path.sh'
[9.390s] Level 1:colcon.colcon_core.environment:checking '/sim_ws/src/convoy_ros/install/convoy_ros/lib'
[9.390s] Level 1:colcon.colcon_core.environment:checking '/sim_ws/src/convoy_ros/install/convoy_ros/bin'
[9.390s] Level 1:colcon.colcon_core.environment:checking '/sim_ws/src/convoy_ros/install/convoy_ros/lib/pkgconfig/convoy_ros.pc'
[9.391s] Level 1:colcon.colcon_core.environment:checking '/sim_ws/src/convoy_ros/install/convoy_ros/lib/python3.8/site-packages'
[9.391s] Level 1:colcon.colcon_core.shell:create_environment_hook('convoy_ros', 'pythonpath')
[9.391s] INFO:colcon.colcon_core.shell:Creating environment hook '/sim_ws/src/convoy_ros/install/convoy_ros/share/convoy_ros/hook/pythonpath.ps1'
[9.392s] INFO:colcon.colcon_core.shell:Creating environment descriptor '/sim_ws/src/convoy_ros/install/convoy_ros/share/convoy_ros/hook/pythonpath.dsv'
[9.392s] INFO:colcon.colcon_core.shell:Creating environment hook '/sim_ws/src/convoy_ros/install/convoy_ros/share/convoy_ros/hook/pythonpath.sh'
[9.392s] Level 1:colcon.colcon_core.environment:checking '/sim_ws/src/convoy_ros/install/convoy_ros/bin'
[9.393s] INFO:colcon.colcon_core.shell:Creating package script '/sim_ws/src/convoy_ros/install/convoy_ros/share/convoy_ros/package.ps1'
[9.393s] INFO:colcon.colcon_core.shell:Creating package descriptor '/sim_ws/src/convoy_ros/install/convoy_ros/share/convoy_ros/package.dsv'
[9.394s] INFO:colcon.colcon_core.shell:Creating package script '/sim_ws/src/convoy_ros/install/convoy_ros/share/convoy_ros/package.sh'
[9.394s] INFO:colcon.colcon_core.shell:Creating package script '/sim_ws/src/convoy_ros/install/convoy_ros/share/convoy_ros/package.bash'
[9.395s] INFO:colcon.colcon_core.shell:Creating package script '/sim_ws/src/convoy_ros/install/convoy_ros/share/convoy_ros/package.zsh'
[9.396s] Level 1:colcon.colcon_core.environment:create_file_with_runtime_dependencies(/sim_ws/src/convoy_ros/install/convoy_ros/share/colcon-core/packages/convoy_ros)
[9.417s] Level 1:colcon.colcon_core.environment:create_environment_scripts_only(convoy_ros)
[9.418s] Level 1:colcon.colcon_core.environment:checking '/sim_ws/src/convoy_ros/install/convoy_ros' for CMake module files
[9.418s] Level 1:colcon.colcon_core.environment:checking '/sim_ws/src/convoy_ros/install/convoy_ros' for CMake config files
[9.418s] Level 1:colcon.colcon_core.shell:create_environment_hook('convoy_ros', 'cmake_prefix_path')
[9.419s] INFO:colcon.colcon_core.shell:Creating environment hook '/sim_ws/src/convoy_ros/install/convoy_ros/share/convoy_ros/hook/cmake_prefix_path.ps1'
[9.419s] INFO:colcon.colcon_core.shell:Creating environment descriptor '/sim_ws/src/convoy_ros/install/convoy_ros/share/convoy_ros/hook/cmake_prefix_path.dsv'
[9.419s] INFO:colcon.colcon_core.shell:Creating environment hook '/sim_ws/src/convoy_ros/install/convoy_ros/share/convoy_ros/hook/cmake_prefix_path.sh'
[9.420s] Level 1:colcon.colcon_core.environment:checking '/sim_ws/src/convoy_ros/install/convoy_ros/lib'
[9.420s] Level 1:colcon.colcon_core.environment:checking '/sim_ws/src/convoy_ros/install/convoy_ros/bin'
[9.420s] Level 1:colcon.colcon_core.environment:checking '/sim_ws/src/convoy_ros/install/convoy_ros/lib/pkgconfig/convoy_ros.pc'
[9.420s] Level 1:colcon.colcon_core.environment:checking '/sim_ws/src/convoy_ros/install/convoy_ros/lib/python3.8/site-packages'
[9.420s] Level 1:colcon.colcon_core.shell:create_environment_hook('convoy_ros', 'pythonpath')
[9.421s] INFO:colcon.colcon_core.shell:Creating environment hook '/sim_ws/src/convoy_ros/install/convoy_ros/share/convoy_ros/hook/pythonpath.ps1'
[9.421s] INFO:colcon.colcon_core.shell:Creating environment descriptor '/sim_ws/src/convoy_ros/install/convoy_ros/share/convoy_ros/hook/pythonpath.dsv'
[9.421s] INFO:colcon.colcon_core.shell:Creating environment hook '/sim_ws/src/convoy_ros/install/convoy_ros/share/convoy_ros/hook/pythonpath.sh'
[9.421s] Level 1:colcon.colcon_core.environment:checking '/sim_ws/src/convoy_ros/install/convoy_ros/bin'
[9.422s] INFO:colcon.colcon_core.shell:Creating package script '/sim_ws/src/convoy_ros/install/convoy_ros/share/convoy_ros/package.ps1'
[9.422s] INFO:colcon.colcon_core.shell:Creating package descriptor '/sim_ws/src/convoy_ros/install/convoy_ros/share/convoy_ros/package.dsv'
[9.423s] INFO:colcon.colcon_core.shell:Creating package script '/sim_ws/src/convoy_ros/install/convoy_ros/share/convoy_ros/package.sh'
[9.423s] INFO:colcon.colcon_core.shell:Creating package script '/sim_ws/src/convoy_ros/install/convoy_ros/share/convoy_ros/package.bash'
[9.423s] INFO:colcon.colcon_core.shell:Creating package script '/sim_ws/src/convoy_ros/install/convoy_ros/share/convoy_ros/package.zsh'
[9.424s] Level 1:colcon.colcon_core.environment:create_file_with_runtime_dependencies(/sim_ws/src/convoy_ros/install/convoy_ros/share/colcon-core/packages/convoy_ros)
[9.424s] DEBUG:colcon.colcon_parallel_executor.executor.parallel:closing loop
[9.424s] DEBUG:colcon.colcon_parallel_executor.executor.parallel:loop closed
[9.424s] DEBUG:colcon.colcon_parallel_executor.executor.parallel:run_until_complete finished with '0'
[9.425s] DEBUG:colcon.colcon_core.event_reactor:joining thread
[9.432s] INFO:colcon.colcon_core.plugin_system:Skipping extension 'colcon_notification.desktop_notification.notify_send': Could not find 'notify-send'
[9.432s] INFO:colcon.colcon_core.plugin_system:Skipping extension 'colcon_notification.desktop_notification.terminal_notifier': Not used on non-Darwin systems
[9.432s] INFO:colcon.colcon_core.plugin_system:Skipping extension 'colcon_notification.desktop_notification.win32': Not used on non-Windows systems
[9.432s] INFO:colcon.colcon_notification.desktop_notification:Sending desktop notification using 'notify2'
[9.434s] DEBUG:colcon.colcon_notification.desktop_notification.notify2:Failed to initialize notify2: org.freedesktop.DBus.Error.Spawn.ExecFailed: /usr/bin/dbus-launch terminated abnormally without any error message
[9.434s] DEBUG:colcon.colcon_core.event_reactor:joined thread
[9.435s] INFO:colcon.colcon_core.shell:Creating prefix script '/sim_ws/src/convoy_ros/install/local_setup.ps1'
[9.435s] INFO:colcon.colcon_core.shell:Creating prefix util module '/sim_ws/src/convoy_ros/install/_local_setup_util_ps1.py'
[9.437s] INFO:colcon.colcon_core.shell:Creating prefix chain script '/sim_ws/src/convoy_ros/install/setup.ps1'
[9.438s] INFO:colcon.colcon_core.shell:Creating prefix script '/sim_ws/src/convoy_ros/install/local_setup.sh'
[9.438s] INFO:colcon.colcon_core.shell:Creating prefix util module '/sim_ws/src/convoy_ros/install/_local_setup_util_sh.py'
[9.439s] INFO:colcon.colcon_core.shell:Creating prefix chain script '/sim_ws/src/convoy_ros/install/setup.sh'
[9.440s] INFO:colcon.colcon_core.shell:Creating prefix script '/sim_ws/src/convoy_ros/install/local_setup.bash'
[9.440s] INFO:colcon.colcon_core.shell:Creating prefix chain script '/sim_ws/src/convoy_ros/install/setup.bash'
[9.441s] INFO:colcon.colcon_core.shell:Creating prefix script '/sim_ws/src/convoy_ros/install/local_setup.zsh'
[9.442s] INFO:colcon.colcon_core.shell:Creating prefix chain script '/sim_ws/src/convoy_ros/install/setup.zsh'
